[debug] [2018-06-01T01:39:54.515Z] ----------------------------------------------------------------------
[debug] [2018-06-01T01:39:54.518Z] Command:       C:\Program Files\nodejs\node.exe C:\Users\Admin\AppData\Roaming\npm\node_modules\firebase-tools\bin\firebase serve
[debug] [2018-06-01T01:39:54.518Z] CLI Version:   3.18.5
[debug] [2018-06-01T01:39:54.518Z] Platform:      win32
[debug] [2018-06-01T01:39:54.518Z] Node Version:  v8.11.2
[debug] [2018-06-01T01:39:54.518Z] Time:          Thu May 31 2018 19:39:54 GMT-0600 (Hora estándar, América Central)
[debug] [2018-06-01T01:39:54.518Z] ----------------------------------------------------------------------
[debug] 
[debug] [2018-06-01T01:39:54.532Z] > command requires scopes: ["email","openid","https://www.googleapis.com/auth/cloudplatformprojects.readonly","https://www.googleapis.com/auth/firebase","https://www.googleapis.com/auth/cloud-platform"]
[debug] [2018-06-01T01:39:54.533Z] > authorizing via signed-in user
[debug] [2018-06-01T01:39:54.535Z] >>> HTTP REQUEST GET https://admin.firebase.com/v1/projects/servicioexpress-e4da9  
  
 Thu May 31 2018 19:39:54 GMT-0600 (Hora estándar, América Central)
[debug] [2018-06-01T01:39:59.556Z] <<< HTTP RESPONSE 200
[debug] [2018-06-01T01:39:59.557Z] >>> HTTP REQUEST GET https://admin.firebase.com/v1/database/servicioexpress-e4da9/tokens  
  
 Thu May 31 2018 19:39:59 GMT-0600 (Hora estándar, América Central)
[debug] [2018-06-01T01:40:00.115Z] <<< HTTP RESPONSE 200
[debug] [2018-06-01T01:40:00.116Z] >>> HTTP REQUEST GET https://cloudresourcemanager.googleapis.com/v1/projects/servicioexpress-e4da9  
  
 Thu May 31 2018 19:40:00 GMT-0600 (Hora estándar, América Central)
[debug] [2018-06-01T01:40:01.324Z] <<< HTTP RESPONSE 200
[info] 
[info] === Serving from 'C:\Users\Admin\Documents\GitHub\servicioExpress\comidaExpress\servicioExpressApp'...
[info] 
[info] i  functions: Preparing to emulate functions.
[debug] [2018-06-01T01:40:02.453Z] Fetching environment
[debug] [2018-06-01T01:40:02.462Z] >>> HTTP REQUEST GET https://mobilesdk-pa.googleapis.com/v1/projects/632191827663:getServerAppConfig  
  
 Thu May 31 2018 19:40:02 GMT-0600 (Hora estándar, América Central)
[debug] [2018-06-01T01:40:02.463Z] >>> HTTP REQUEST GET https://mobilesdk-pa.googleapis.com/v1/projects/632191827663/clients/_:getWebAppConfig  
  
 Thu May 31 2018 19:40:02 GMT-0600 (Hora estándar, América Central)
[debug] [2018-06-01T01:40:03.097Z] <<< HTTP RESPONSE 200
[info] i  hosting: Serving hosting files from: dist
[info] +  hosting: Local server: http://localhost:5000

[debug] [2018-06-01T01:40:03.142Z] <<< HTTP RESPONSE 200
[debug] [2018-06-01T01:40:03.142Z] Starting @google-cloud/functions-emulator
[debug] [2018-06-01T01:40:05.777Z] Parsing function triggers
[info] +  functions: crearUsuario: http://localhost:5001/servicioexpress-e4da9/us-central1/crearUsuario
[info] +  functions: subirImagenProducto: http://localhost:5001/servicioexpress-e4da9/us-central1/subirImagenProducto
[info] +  functions: getListaProductosCategoria: http://localhost:5001/servicioexpress-e4da9/us-central1/getListaProductosCategoria
[info] +  functions: modificarRestaurante: http://localhost:5001/servicioexpress-e4da9/us-central1/modificarRestaurante
[info] +  functions: listaCategorias: http://localhost:5001/servicioexpress-e4da9/us-central1/listaCategorias
[info] +  functions: crearProducto: http://localhost:5001/servicioexpress-e4da9/us-central1/crearProducto
[info] +  functions: eliminarProducto: http://localhost:5001/servicioexpress-e4da9/us-central1/eliminarProducto
[info] +  functions: getRestaurantes: http://localhost:5001/servicioexpress-e4da9/us-central1/getRestaurantes
[info] +  functions: crearRestaurante: http://localhost:5001/servicioexpress-e4da9/us-central1/crearRestaurante
[info] +  functions: eliminarRestaurante: http://localhost:5001/servicioexpress-e4da9/us-central1/eliminarRestaurante
[info] +  functions: agregarProductoCarrito: http://localhost:5001/servicioexpress-e4da9/us-central1/agregarProductoCarrito
[info] +  functions: modificarProducto: http://localhost:5001/servicioexpress-e4da9/us-central1/modificarProducto
[debug] [2018-06-01T01:53:26.803Z] ----------------------------------------------------------------------
[debug] [2018-06-01T01:53:26.805Z] Command:       C:\Program Files\nodejs\node.exe C:\Users\Admin\AppData\Roaming\npm\node_modules\firebase-tools\bin\firebase serve
[debug] [2018-06-01T01:53:26.806Z] CLI Version:   3.18.5
[debug] [2018-06-01T01:53:26.806Z] Platform:      win32
[debug] [2018-06-01T01:53:26.806Z] Node Version:  v8.11.2
[debug] [2018-06-01T01:53:26.807Z] Time:          Thu May 31 2018 19:53:26 GMT-0600 (Hora estándar, América Central)
[debug] [2018-06-01T01:53:26.807Z] ----------------------------------------------------------------------
[debug] 
[debug] [2018-06-01T01:53:26.821Z] > command requires scopes: ["email","openid","https://www.googleapis.com/auth/cloudplatformprojects.readonly","https://www.googleapis.com/auth/firebase","https://www.googleapis.com/auth/cloud-platform"]
[debug] [2018-06-01T01:53:26.822Z] > authorizing via signed-in user
[debug] [2018-06-01T01:53:26.825Z] >>> HTTP REQUEST GET https://admin.firebase.com/v1/projects/servicioexpress-e4da9  
  
 Thu May 31 2018 19:53:26 GMT-0600 (Hora estándar, América Central)
[debug] [2018-06-01T01:53:28.354Z] <<< HTTP RESPONSE 200
[debug] [2018-06-01T01:53:28.357Z] >>> HTTP REQUEST GET https://admin.firebase.com/v1/database/servicioexpress-e4da9/tokens  
  
 Thu May 31 2018 19:53:28 GMT-0600 (Hora estándar, América Central)
[debug] [2018-06-01T01:53:28.902Z] <<< HTTP RESPONSE 200
[debug] [2018-06-01T01:53:28.903Z] >>> HTTP REQUEST GET https://cloudresourcemanager.googleapis.com/v1/projects/servicioexpress-e4da9  
  
 Thu May 31 2018 19:53:28 GMT-0600 (Hora estándar, América Central)
[debug] [2018-06-01T01:53:29.261Z] <<< HTTP RESPONSE 200
[info] 
[info] === Serving from 'C:\Users\Admin\Documents\GitHub\servicioExpress\comidaExpress\servicioExpressApp'...
[info] 
[info] i  functions: Preparing to emulate functions.
[debug] [2018-06-01T01:53:30.478Z] Fetching environment
[debug] [2018-06-01T01:53:30.480Z] >>> HTTP REQUEST GET https://mobilesdk-pa.googleapis.com/v1/projects/632191827663:getServerAppConfig  
  
 Thu May 31 2018 19:53:30 GMT-0600 (Hora estándar, América Central)
[debug] [2018-06-01T01:53:30.481Z] >>> HTTP REQUEST GET https://mobilesdk-pa.googleapis.com/v1/projects/632191827663/clients/_:getWebAppConfig  
  
 Thu May 31 2018 19:53:30 GMT-0600 (Hora estándar, América Central)
[debug] [2018-06-01T01:53:31.094Z] <<< HTTP RESPONSE 200
[debug] [2018-06-01T01:53:31.114Z] <<< HTTP RESPONSE 200
[debug] [2018-06-01T01:53:31.115Z] Starting @google-cloud/functions-emulator
[info] i  hosting: Serving hosting files from: dist
[info] +  hosting: Local server: http://localhost:5000

[debug] [2018-06-01T01:53:33.773Z] Parsing function triggers
[info] +  functions: modificarRestaurante: http://localhost:5001/servicioexpress-e4da9/us-central1/modificarRestaurante
[info] +  functions: eliminarRestaurante: http://localhost:5001/servicioexpress-e4da9/us-central1/eliminarRestaurante
[info] +  functions: listaCategorias: http://localhost:5001/servicioexpress-e4da9/us-central1/listaCategorias
[info] +  functions: getListaProductosCategoria: http://localhost:5001/servicioexpress-e4da9/us-central1/getListaProductosCategoria
[info] +  functions: agregarProductoCarrito: http://localhost:5001/servicioexpress-e4da9/us-central1/agregarProductoCarrito
[info] +  functions: subirImagenProducto: http://localhost:5001/servicioexpress-e4da9/us-central1/subirImagenProducto
[info] +  functions: crearProducto: http://localhost:5001/servicioexpress-e4da9/us-central1/crearProducto
[info] +  functions: modificarProducto: http://localhost:5001/servicioexpress-e4da9/us-central1/modificarProducto
[info] +  functions: eliminarProducto: http://localhost:5001/servicioexpress-e4da9/us-central1/eliminarProducto
[info] +  functions: crearUsuario: http://localhost:5001/servicioexpress-e4da9/us-central1/crearUsuario
[info] +  functions: getRestaurantes: http://localhost:5001/servicioexpress-e4da9/us-central1/getRestaurantes
[info] +  functions: crearRestaurante: http://localhost:5001/servicioexpress-e4da9/us-central1/crearRestaurante
