[debug] [2018-05-07T03:02:42.018Z] ----------------------------------------------------------------------
[debug] [2018-05-07T03:02:42.020Z] Command:       C:\Program Files\nodejs\node.exe C:\Users\Admin\AppData\Roaming\npm\node_modules\firebase-tools\bin\firebase serve
[debug] [2018-05-07T03:02:42.021Z] CLI Version:   3.18.4
[debug] [2018-05-07T03:02:42.021Z] Platform:      win32
[debug] [2018-05-07T03:02:42.021Z] Node Version:  v9.7.1
[debug] [2018-05-07T03:02:42.021Z] Time:          Sun May 06 2018 21:02:42 GMT-0600 (Hora estándar, América Central)
[debug] [2018-05-07T03:02:42.021Z] ----------------------------------------------------------------------
[debug] 
[debug] [2018-05-07T03:02:42.034Z] > command requires scopes: ["email","openid","https://www.googleapis.com/auth/cloudplatformprojects.readonly","https://www.googleapis.com/auth/firebase","https://www.googleapis.com/auth/cloud-platform"]
[debug] [2018-05-07T03:02:42.035Z] > authorizing via signed-in user
[debug] [2018-05-07T03:02:42.038Z] >>> HTTP REQUEST GET https://admin.firebase.com/v1/projects/servicioexpress-e4da9  
  
 Sun May 06 2018 21:02:42 GMT-0600 (Hora estándar, América Central)
[debug] [2018-05-07T03:02:42.837Z] <<< HTTP RESPONSE 200
[debug] [2018-05-07T03:02:42.838Z] >>> HTTP REQUEST GET https://admin.firebase.com/v1/database/servicioexpress-e4da9/tokens  
  
 Sun May 06 2018 21:02:42 GMT-0600 (Hora estándar, América Central)
[debug] [2018-05-07T03:02:43.542Z] <<< HTTP RESPONSE 200
[debug] [2018-05-07T03:02:43.545Z] >>> HTTP REQUEST GET https://cloudresourcemanager.googleapis.com/v1/projects/servicioexpress-e4da9  
  
 Sun May 06 2018 21:02:43 GMT-0600 (Hora estándar, América Central)
[debug] [2018-05-07T03:02:44.162Z] <<< HTTP RESPONSE 200
[info] 
[info] === Serving from 'C:\Users\Admin\Desktop\servicioExpressApp'...
[info] 
[info] i  functions: Preparing to emulate functions.
[debug] [2018-05-07T03:02:45.436Z] Fetching environment
[debug] [2018-05-07T03:02:45.439Z] >>> HTTP REQUEST GET https://mobilesdk-pa.googleapis.com/v1/projects/632191827663:getServerAppConfig  
  
 Sun May 06 2018 21:02:45 GMT-0600 (Hora estándar, América Central)
[debug] [2018-05-07T03:02:45.440Z] >>> HTTP REQUEST GET https://mobilesdk-pa.googleapis.com/v1/projects/632191827663/clients/_:getWebAppConfig  
  
 Sun May 06 2018 21:02:45 GMT-0600 (Hora estándar, América Central)
[debug] [2018-05-07T03:02:46.157Z] <<< HTTP RESPONSE 200
[debug] [2018-05-07T03:02:46.157Z] Starting @google-cloud/functions-emulator
[debug] [2018-05-07T03:02:46.250Z] <<< HTTP RESPONSE 200
[info] i  hosting: Serving hosting files from: dist
[info] +  hosting: Local server: http://localhost:5000

[debug] [2018-05-07T03:02:48.822Z] Parsing function triggers
[info] +  functions: listaCategorias: http://localhost:5001/servicioexpress-e4da9/us-central1/listaCategorias
[info] +  functions: listaProductosCategoria: http://localhost:5001/servicioexpress-e4da9/us-central1/listaProductosCategoria
